<?xml version="1.0" encoding="UTF-8"?>
<coverage generated="1572256162432" clover="3.2.0">
  <project timestamp="1572256162432" name="All files">
    <metrics statements="43" coveredstatements="43" conditionals="3" coveredconditionals="3" methods="6" coveredmethods="6" elements="52" coveredelements="52" complexity="0" loc="43" ncloc="43" packages="8" files="12" classes="12"/>
    <package name="components.Tracking">
      <metrics statements="3" coveredstatements="3" conditionals="0" coveredconditionals="0" methods="0" coveredmethods="0"/>
      <file name="Context.tsx" path="/Users/fernandogil/projects/collector/src/components/Tracking/Context.tsx">
        <metrics statements="3" coveredstatements="3" conditionals="0" coveredconditionals="0" methods="0" coveredmethods="0"/>
        <line num="16" count="5" type="stmt"/>
        <line num="20" count="5" type="stmt"/>
        <line num="26" count="5" type="stmt"/>
      </file>
    </package>
    <package name="components.TrackingBase">
      <metrics statements="9" coveredstatements="9" conditionals="1" coveredconditionals="1" methods="1" coveredmethods="1"/>
      <file name="TrackingBase.tsx" path="/Users/fernandogil/projects/collector/src/components/TrackingBase/TrackingBase.tsx">
        <metrics statements="7" coveredstatements="7" conditionals="1" coveredconditionals="1" methods="1" coveredmethods="1"/>
        <line num="16" count="3" type="stmt"/>
        <line num="23" count="3" type="stmt"/>
        <line num="29" count="3" type="stmt"/>
        <line num="30" count="3" type="stmt"/>
        <line num="31" count="3" type="cond" truecount="1" falsecount="0"/>
        <line num="41" count="3" type="stmt"/>
        <line num="48" count="3" type="stmt"/>
      </file>
      <file name="index.ts" path="/Users/fernandogil/projects/collector/src/components/TrackingBase/index.ts">
        <metrics statements="2" coveredstatements="2" conditionals="0" coveredconditionals="0" methods="0" coveredmethods="0"/>
        <line num="16" count="2" type="stmt"/>
        <line num="18" count="2" type="stmt"/>
      </file>
    </package>
    <package name="components.TrackingContext">
      <metrics statements="2" coveredstatements="2" conditionals="0" coveredconditionals="0" methods="0" coveredmethods="0"/>
      <file name="index.ts" path="/Users/fernandogil/projects/collector/src/components/TrackingContext/index.ts">
        <metrics statements="2" coveredstatements="2" conditionals="0" coveredconditionals="0" methods="0" coveredmethods="0"/>
        <line num="16" count="5" type="stmt"/>
        <line num="18" count="5" type="stmt"/>
      </file>
    </package>
    <package name="components.TrackingRoot">
      <metrics statements="8" coveredstatements="8" conditionals="0" coveredconditionals="0" methods="1" coveredmethods="1"/>
      <file name="TrackingRoot.tsx" path="/Users/fernandogil/projects/collector/src/components/TrackingRoot/TrackingRoot.tsx">
        <metrics statements="6" coveredstatements="6" conditionals="0" coveredconditionals="0" methods="1" coveredmethods="1"/>
        <line num="16" count="5" type="stmt"/>
        <line num="19" count="5" type="stmt"/>
        <line num="25" count="5" type="stmt"/>
        <line num="26" count="5" type="stmt"/>
        <line num="33" count="5" type="stmt"/>
        <line num="40" count="5" type="stmt"/>
      </file>
      <file name="index.ts" path="/Users/fernandogil/projects/collector/src/components/TrackingRoot/index.ts">
        <metrics statements="2" coveredstatements="2" conditionals="0" coveredconditionals="0" methods="0" coveredmethods="0"/>
        <line num="16" count="5" type="stmt"/>
        <line num="18" count="5" type="stmt"/>
      </file>
    </package>
    <package name="components.TrackingView">
      <metrics statements="4" coveredstatements="4" conditionals="0" coveredconditionals="0" methods="1" coveredmethods="1"/>
      <file name="TrackingView.tsx" path="/Users/fernandogil/projects/collector/src/components/TrackingView/TrackingView.tsx">
        <metrics statements="4" coveredstatements="4" conditionals="0" coveredconditionals="0" methods="1" coveredmethods="1"/>
        <line num="16" count="1" type="stmt"/>
        <line num="19" count="1" type="stmt"/>
        <line num="21" count="1" type="stmt"/>
        <line num="25" count="1" type="stmt"/>
      </file>
    </package>
    <package name="components.TrackingZone">
      <metrics statements="4" coveredstatements="4" conditionals="0" coveredconditionals="0" methods="1" coveredmethods="1"/>
      <file name="TrackingZone.tsx" path="/Users/fernandogil/projects/collector/src/components/TrackingZone/TrackingZone.tsx">
        <metrics statements="4" coveredstatements="4" conditionals="0" coveredconditionals="0" methods="1" coveredmethods="1"/>
        <line num="16" count="1" type="stmt"/>
        <line num="19" count="1" type="stmt"/>
        <line num="21" count="1" type="stmt"/>
        <line num="25" count="1" type="stmt"/>
      </file>
    </package>
    <package name="constants">
      <metrics statements="4" coveredstatements="4" conditionals="0" coveredconditionals="0" methods="0" coveredmethods="0"/>
      <file name="actions.ts" path="/Users/fernandogil/projects/collector/src/constants/actions.ts">
        <metrics statements="2" coveredstatements="2" conditionals="0" coveredconditionals="0" methods="0" coveredmethods="0"/>
        <line num="20" count="5" type="stmt"/>
        <line num="28" count="5" type="stmt"/>
      </file>
      <file name="components.ts" path="/Users/fernandogil/projects/collector/src/constants/components.ts">
        <metrics statements="2" coveredstatements="2" conditionals="0" coveredconditionals="0" methods="0" coveredmethods="0"/>
        <line num="20" count="5" type="stmt"/>
        <line num="25" count="5" type="stmt"/>
      </file>
    </package>
    <package name="hooks.use-tracking">
      <metrics statements="9" coveredstatements="9" conditionals="2" coveredconditionals="2" methods="2" coveredmethods="2"/>
      <file name="index.ts" path="/Users/fernandogil/projects/collector/src/hooks/use-tracking/index.ts">
        <metrics statements="2" coveredstatements="2" conditionals="0" coveredconditionals="0" methods="0" coveredmethods="0"/>
        <line num="16" count="5" type="stmt"/>
        <line num="18" count="5" type="stmt"/>
      </file>
      <file name="use-tracking.ts" path="/Users/fernandogil/projects/collector/src/hooks/use-tracking/use-tracking.ts">
        <metrics statements="7" coveredstatements="7" conditionals="2" coveredconditionals="2" methods="2" coveredmethods="2"/>
        <line num="16" count="5" type="stmt"/>
        <line num="18" count="5" type="stmt"/>
        <line num="27" count="5" type="stmt"/>
        <line num="28" count="5" type="stmt"/>
        <line num="30" count="5" type="stmt"/>
        <line num="31" count="5" type="cond" truecount="2" falsecount="0"/>
        <line num="41" count="5" type="stmt"/>
      </file>
    </package>
  </project>
</coverage>
