{"/Users/fernandogil/projects/collector/src/components/Tracking/Context.tsx": {"path":"/Users/fernandogil/projects/collector/src/components/Tracking/Context.tsx","statementMap":{"0":{"start":{"line":16,"column":0},"end":{"line":16,"column":31}},"1":{"start":{"line":20,"column":24},"end":{"line":24,"column":2}},"2":{"start":{"line":26,"column":0},"end":{"line":26,"column":31}}},"fnMap":{},"branchMap":{},"s":{"0":5,"1":5,"2":5},"f":{},"b":{}}
,"/Users/fernandogil/projects/collector/src/components/TrackingBase/TrackingBase.tsx": {"path":"/Users/fernandogil/projects/collector/src/components/TrackingBase/TrackingBase.tsx","statementMap":{"0":{"start":{"line":16,"column":0},"end":{"line":16,"column":31}},"1":{"start":{"line":23,"column":0},"end":{"line":23,"column":49}},"2":{"start":{"line":29,"column":21},"end":{"line":46,"column":1}},"3":{"start":{"line":29,"column":24},"end":{"line":29,"column":28}},"4":{"start":{"line":29,"column":30},"end":{"line":29,"column":34}},"5":{"start":{"line":29,"column":36},"end":{"line":29,"column":44}},"6":{"start":{"line":30,"column":8},"end":{"line":30,"column":10}},"7":{"start":{"line":30,"column":10},"end":{"line":30,"column":18}},"8":{"start":{"line":30,"column":20},"end":{"line":30,"column":68}},"9":{"start":{"line":31,"column":8},"end":{"line":39,"column":5}},"10":{"start":{"line":31,"column":9},"end":{"line":31,"column":null}},"11":{"start":{"line":41,"column":2},"end":{"line":45,"column":4}},"12":{"start":{"line":48,"column":0},"end":{"line":48,"column":28}}},"fnMap":{"0":{"name":"(anonymous_6)","decl":{"start":{"line":29,"column":21},"end":{"line":29,"column":22}},"loc":{"start":{"line":29,"column":57},"end":{"line":46,"column":1}}}},"branchMap":{"0":{"loc":{"start":{"line":31,"column":8},"end":{"line":31,"column":9}},"type":"binary-expr","locations":[{"start":{"line":31,"column":8},"end":{"line":31,"column":9}}]}},"s":{"0":3,"1":3,"2":3,"3":3,"4":3,"5":3,"6":3,"7":3,"8":3,"9":3,"10":3,"11":3,"12":3},"f":{"0":3},"b":{"0":[3]}}
,"/Users/fernandogil/projects/collector/src/components/TrackingBase/index.ts": {"path":"/Users/fernandogil/projects/collector/src/components/TrackingBase/index.ts","statementMap":{"0":{"start":{"line":16,"column":0},"end":{"line":16,"column":42}},"1":{"start":{"line":18,"column":0},"end":{"line":18,"column":28}}},"fnMap":{},"branchMap":{},"s":{"0":2,"1":2},"f":{},"b":{}}
,"/Users/fernandogil/projects/collector/src/components/TrackingContext/index.ts": {"path":"/Users/fernandogil/projects/collector/src/components/TrackingContext/index.ts","statementMap":{"0":{"start":{"line":16,"column":0},"end":{"line":16,"column":48}},"1":{"start":{"line":18,"column":0},"end":{"line":18,"column":31}}},"fnMap":{},"branchMap":{},"s":{"0":5,"1":5},"f":{},"b":{}}
,"/Users/fernandogil/projects/collector/src/components/TrackingRoot/TrackingRoot.tsx": {"path":"/Users/fernandogil/projects/collector/src/components/TrackingRoot/TrackingRoot.tsx","statementMap":{"0":{"start":{"line":16,"column":0},"end":{"line":16,"column":31}},"1":{"start":{"line":19,"column":0},"end":{"line":19,"column":49}},"2":{"start":{"line":25,"column":21},"end":{"line":38,"column":1}},"3":{"start":{"line":25,"column":24},"end":{"line":25,"column":28}},"4":{"start":{"line":25,"column":30},"end":{"line":25,"column":40}},"5":{"start":{"line":25,"column":42},"end":{"line":25,"column":50}},"6":{"start":{"line":26,"column":8},"end":{"line":31,"column":5}},"7":{"start":{"line":26,"column":9},"end":{"line":26,"column":null}},"8":{"start":{"line":33,"column":2},"end":{"line":37,"column":4}},"9":{"start":{"line":40,"column":0},"end":{"line":40,"column":28}}},"fnMap":{"0":{"name":"(anonymous_3)","decl":{"start":{"line":25,"column":21},"end":{"line":25,"column":22}},"loc":{"start":{"line":25,"column":59},"end":{"line":38,"column":1}}}},"branchMap":{},"s":{"0":5,"1":5,"2":5,"3":5,"4":5,"5":5,"6":5,"7":5,"8":5,"9":5},"f":{"0":5},"b":{}}
,"/Users/fernandogil/projects/collector/src/components/TrackingRoot/index.ts": {"path":"/Users/fernandogil/projects/collector/src/components/TrackingRoot/index.ts","statementMap":{"0":{"start":{"line":16,"column":0},"end":{"line":16,"column":42}},"1":{"start":{"line":18,"column":0},"end":{"line":18,"column":28}}},"fnMap":{},"branchMap":{},"s":{"0":5,"1":5},"f":{},"b":{}}
,"/Users/fernandogil/projects/collector/src/components/TrackingView/TrackingView.tsx": {"path":"/Users/fernandogil/projects/collector/src/components/TrackingView/TrackingView.tsx","statementMap":{"0":{"start":{"line":16,"column":0},"end":{"line":16,"column":31}},"1":{"start":{"line":19,"column":0},"end":{"line":19,"column":43}},"2":{"start":{"line":21,"column":21},"end":{"line":21,"column":null}},"3":{"start":{"line":21,"column":47},"end":{"line":23,"column":2}},"4":{"start":{"line":25,"column":0},"end":{"line":25,"column":28}}},"fnMap":{"0":{"name":"(anonymous_4)","decl":{"start":{"line":21,"column":21},"end":{"line":21,"column":22}},"loc":{"start":{"line":21,"column":42},"end":{"line":21,"column":null}}}},"branchMap":{},"s":{"0":1,"1":1,"2":1,"3":1,"4":1},"f":{"0":1},"b":{}}
,"/Users/fernandogil/projects/collector/src/components/TrackingZone/TrackingZone.tsx": {"path":"/Users/fernandogil/projects/collector/src/components/TrackingZone/TrackingZone.tsx","statementMap":{"0":{"start":{"line":16,"column":0},"end":{"line":16,"column":31}},"1":{"start":{"line":19,"column":0},"end":{"line":19,"column":43}},"2":{"start":{"line":21,"column":21},"end":{"line":21,"column":null}},"3":{"start":{"line":21,"column":47},"end":{"line":23,"column":2}},"4":{"start":{"line":25,"column":0},"end":{"line":25,"column":28}}},"fnMap":{"0":{"name":"(anonymous_4)","decl":{"start":{"line":21,"column":21},"end":{"line":21,"column":22}},"loc":{"start":{"line":21,"column":42},"end":{"line":21,"column":null}}}},"branchMap":{},"s":{"0":1,"1":1,"2":1,"3":1,"4":1},"f":{"0":1},"b":{}}
,"/Users/fernandogil/projects/collector/src/constants/actions.ts": {"path":"/Users/fernandogil/projects/collector/src/constants/actions.ts","statementMap":{"0":{"start":{"line":20,"column":28},"end":{"line":26,"column":2}},"1":{"start":{"line":28,"column":0},"end":{"line":28,"column":23}}},"fnMap":{},"branchMap":{},"s":{"0":5,"1":5},"f":{},"b":{}}
,"/Users/fernandogil/projects/collector/src/constants/components.ts": {"path":"/Users/fernandogil/projects/collector/src/constants/components.ts","statementMap":{"0":{"start":{"line":20,"column":34},"end":{"line":23,"column":2}},"1":{"start":{"line":25,"column":0},"end":{"line":25,"column":26}}},"fnMap":{},"branchMap":{},"s":{"0":5,"1":5},"f":{},"b":{}}
,"/Users/fernandogil/projects/collector/src/hooks/use-tracking/index.ts": {"path":"/Users/fernandogil/projects/collector/src/hooks/use-tracking/index.ts","statementMap":{"0":{"start":{"line":16,"column":0},"end":{"line":16,"column":41}},"1":{"start":{"line":18,"column":0},"end":{"line":18,"column":27}}},"fnMap":{},"branchMap":{},"s":{"0":5,"1":5},"f":{},"b":{}}
,"/Users/fernandogil/projects/collector/src/hooks/use-tracking/use-tracking.ts": {"path":"/Users/fernandogil/projects/collector/src/hooks/use-tracking/use-tracking.ts","statementMap":{"0":{"start":{"line":16,"column":0},"end":{"line":16,"column":31}},"1":{"start":{"line":18,"column":0},"end":{"line":18,"column":63}},"2":{"start":{"line":27,"column":20},"end":{"line":39,"column":1}},"3":{"start":{"line":27,"column":23},"end":{"line":27,"column":29}},"4":{"start":{"line":27,"column":31},"end":{"line":27,"column":40}},"5":{"start":{"line":27,"column":42},"end":{"line":27,"column":44}},"6":{"start":{"line":28,"column":8},"end":{"line":28,"column":10}},"7":{"start":{"line":28,"column":10},"end":{"line":28,"column":18}},"8":{"start":{"line":28,"column":20},"end":{"line":28,"column":68}},"9":{"start":{"line":30,"column":2},"end":{"line":38,"column":7}},"10":{"start":{"line":31,"column":4},"end":{"line":38,"column":7}},"11":{"start":{"line":41,"column":0},"end":{"line":41,"column":27}}},"fnMap":{"0":{"name":"(anonymous_5)","decl":{"start":{"line":27,"column":20},"end":{"line":27,"column":21}},"loc":{"start":{"line":27,"column":56},"end":{"line":39,"column":1}}},"1":{"name":"(anonymous_6)","decl":{"start":{"line":30,"column":9},"end":{"line":30,"column":null}},"loc":{"start":{"line":30,"column":9},"end":{"line":31,"column":12}}}},"branchMap":{"0":{"loc":{"start":{"line":31,"column":4},"end":{"line":31,"column":12}},"type":"binary-expr","locations":[{"start":{"line":31,"column":4},"end":{"line":31,"column":12}},{"start":{"line":32,"column":4},"end":{"line":37,"column":null}}]}},"s":{"0":5,"1":5,"2":5,"3":5,"4":5,"5":5,"6":5,"7":5,"8":5,"9":5,"10":5,"11":5},"f":{"0":5,"1":5},"b":{"0":[5,5]}}
}
