TN:
SF:/Users/fernandogil/projects/collector/src/components/Tracking/Context.tsx
FNF:0
FNH:0
DA:16,5
DA:20,5
DA:26,5
LF:3
LH:3
BRF:0
BRH:0
end_of_record
TN:
SF:/Users/fernandogil/projects/collector/src/components/TrackingBase/TrackingBase.tsx
FN:29,(anonymous_6)
FNF:1
FNH:1
FNDA:3,(anonymous_6)
DA:16,3
DA:23,3
DA:29,3
DA:30,3
DA:31,3
DA:41,3
DA:48,3
LF:7
LH:7
BRDA:31,0,0,3
BRF:1
BRH:1
end_of_record
TN:
SF:/Users/fernandogil/projects/collector/src/components/TrackingBase/index.ts
FNF:0
FNH:0
DA:16,2
DA:18,2
LF:2
LH:2
BRF:0
BRH:0
end_of_record
TN:
SF:/Users/fernandogil/projects/collector/src/components/TrackingContext/index.ts
FNF:0
FNH:0
DA:16,5
DA:18,5
LF:2
LH:2
BRF:0
BRH:0
end_of_record
TN:
SF:/Users/fernandogil/projects/collector/src/components/TrackingRoot/TrackingRoot.tsx
FN:25,(anonymous_3)
FNF:1
FNH:1
FNDA:5,(anonymous_3)
DA:16,5
DA:19,5
DA:25,5
DA:26,5
DA:33,5
DA:40,5
LF:6
LH:6
BRF:0
BRH:0
end_of_record
TN:
SF:/Users/fernandogil/projects/collector/src/components/TrackingRoot/index.ts
FNF:0
FNH:0
DA:16,5
DA:18,5
LF:2
LH:2
BRF:0
BRH:0
end_of_record
TN:
SF:/Users/fernandogil/projects/collector/src/components/TrackingView/TrackingView.tsx
FN:21,(anonymous_4)
FNF:1
FNH:1
FNDA:1,(anonymous_4)
DA:16,1
DA:19,1
DA:21,1
DA:25,1
LF:4
LH:4
BRF:0
BRH:0
end_of_record
TN:
SF:/Users/fernandogil/projects/collector/src/components/TrackingZone/TrackingZone.tsx
FN:21,(anonymous_4)
FNF:1
FNH:1
FNDA:1,(anonymous_4)
DA:16,1
DA:19,1
DA:21,1
DA:25,1
LF:4
LH:4
BRF:0
BRH:0
end_of_record
TN:
SF:/Users/fernandogil/projects/collector/src/constants/actions.ts
FNF:0
FNH:0
DA:20,5
DA:28,5
LF:2
LH:2
BRF:0
BRH:0
end_of_record
TN:
SF:/Users/fernandogil/projects/collector/src/constants/components.ts
FNF:0
FNH:0
DA:20,5
DA:25,5
LF:2
LH:2
BRF:0
BRH:0
end_of_record
TN:
SF:/Users/fernandogil/projects/collector/src/hooks/use-tracking/index.ts
FNF:0
FNH:0
DA:16,5
DA:18,5
LF:2
LH:2
BRF:0
BRH:0
end_of_record
TN:
SF:/Users/fernandogil/projects/collector/src/hooks/use-tracking/use-tracking.ts
FN:27,(anonymous_5)
FN:30,(anonymous_6)
FNF:2
FNH:2
FNDA:5,(anonymous_5)
FNDA:5,(anonymous_6)
DA:16,5
DA:18,5
DA:27,5
DA:28,5
DA:30,5
DA:31,5
DA:41,5
LF:7
LH:7
BRDA:31,0,0,5
BRDA:31,0,1,5
BRF:2
BRH:2
end_of_record
